<?xml version="1.0" encoding="UTF-8"?>
<testsuite name="com.ems.test.EmployeeManagementSystemTestAdd" tests="5" skipped="0" failures="0" errors="0" timestamp="2016-07-11T06:40:19" hostname="trojan.local" time="0.005">
  <properties/>
  <testcase name="testAddElements" classname="com.ems.test.EmployeeManagementSystemTestAdd" time="0.002"/>
  <testcase name="testAddElementWithIllegalAgeArgument" classname="com.ems.test.EmployeeManagementSystemTestAdd" time="0.0"/>
  <testcase name="testAddElementWithIllegalNameArgument" classname="com.ems.test.EmployeeManagementSystemTestAdd" time="0.0"/>
  <testcase name="testAddElementWithIllegalArguments" classname="com.ems.test.EmployeeManagementSystemTestAdd" time="0.001"/>
  <testcase name="testAddElementWithIllegalLocationArgument" classname="com.ems.test.EmployeeManagementSystemTestAdd" time="0.0"/>
  <system-out><![CDATA[]]></system-out>
  <system-err><![CDATA[]]></system-err>
</testsuite>
