<?xml version="1.0" encoding="UTF-8"?>
<testsuite name="com.ems.test.EmployeeManagementSystemTestUpdate" tests="5" skipped="0" failures="0" errors="0" timestamp="2016-07-11T06:40:19" hostname="trojan.local" time="0.002">
  <properties/>
  <testcase name="TestUpdateWithWrongSalary" classname="com.ems.test.EmployeeManagementSystemTestUpdate" time="0.0"/>
  <testcase name="TestUpdateWithWrongAge" classname="com.ems.test.EmployeeManagementSystemTestUpdate" time="0.0"/>
  <testcase name="TestUpdateElementNotInList" classname="com.ems.test.EmployeeManagementSystemTestUpdate" time="0.0"/>
  <testcase name="TestUpdateAlreadyInttheListe" classname="com.ems.test.EmployeeManagementSystemTestUpdate" time="0.0"/>
  <testcase name="TestUpdatewithEmpty" classname="com.ems.test.EmployeeManagementSystemTestUpdate" time="0.0"/>
  <system-out><![CDATA[]]></system-out>
  <system-err><![CDATA[]]></system-err>
</testsuite>
